<?xml version="1.0" encoding="UTF-8"?>
<!-- Generated by org.testng.reporters.JUnitReportReporter -->
<testsuite skipped="0" hostname="LAPTOP-FUSOQO8M" name="com.org.learningmaven.Facebook.CNN" tests="1" failures="0" timestamp="17 Sep 2019 03:00:51 GMT" time="0.024" errors="0">
  <testcase name="cnn_test" time="0.024" classname="com.org.learningmaven.Facebook.CNN"/>
</testsuite> <!-- com.org.learningmaven.Facebook.CNN -->
