<?xml version="1.0" encoding="UTF-8"?>
<!-- Generated by org.testng.reporters.JUnitReportReporter -->
<testsuite skipped="0" hostname="LAPTOP-FUSOQO8M" name="com.org.learningmaven.Facebook.TestC" tests="4" failures="0" timestamp="17 Jun 2019 19:12:08 GMT" time="0.009" errors="0">
  <testcase name="testC1" time="0.004" classname="com.org.learningmaven.Facebook.TestC"/>
  <testcase name="testC2" time="0.002" classname="com.org.learningmaven.Facebook.TestC"/>
  <testcase name="testC3" time="0.002" classname="com.org.learningmaven.Facebook.TestC"/>
  <testcase name="testC4" time="0.001" classname="com.org.learningmaven.Facebook.TestC"/>
</testsuite> <!-- com.org.learningmaven.Facebook.TestC -->
