<?xml version="1.0" encoding="UTF-8"?>
<!-- Generated by org.testng.reporters.JUnitReportReporter -->
<testsuite hostname="LAPTOP-FUSOQO8M" name="com.org.learningmaven.Facebook.Facebook" tests="1" failures="0" timestamp="10 Jun 2019 23:35:53 GMT" time="19.706" errors="0">
  <testcase name="Dologin" time="19.706" classname="com.org.learningmaven.Facebook.Facebook"/>
</testsuite> <!-- com.org.learningmaven.Facebook.Facebook -->
