<?xml version="1.0" encoding="UTF-8"?>
<!-- Generated by org.testng.reporters.JUnitReportReporter -->
<testsuite hostname="LAPTOP-FUSOQO8M" name="com.org.learningmaven.Facebook.CNN" tests="1" failures="0" timestamp="10 Jun 2019 17:05:15 GMT" time="39.051" errors="0">
  <testcase name="cnn_test" time="39.051" classname="com.org.learningmaven.Facebook.CNN"/>
</testsuite> <!-- com.org.learningmaven.Facebook.CNN -->
