<?xml version="1.0" encoding="UTF-8"?>
<!-- Generated by org.testng.reporters.JUnitReportReporter -->
<testsuite skipped="0" hostname="LAPTOP-FUSOQO8M" name="com.org.learningmaven.Facebook.TestB" tests="4" failures="0" timestamp="17 Jun 2019 19:12:08 GMT" time="0.007" errors="0">
  <testcase name="testB1" time="0.001" classname="com.org.learningmaven.Facebook.TestB"/>
  <testcase name="testB2" time="0.003" classname="com.org.learningmaven.Facebook.TestB"/>
  <testcase name="testB3" time="0.002" classname="com.org.learningmaven.Facebook.TestB"/>
  <testcase name="testB4" time="0.001" classname="com.org.learningmaven.Facebook.TestB"/>
</testsuite> <!-- com.org.learningmaven.Facebook.TestB -->
