<?xml version="1.0" encoding="UTF-8"?>
<!-- Generated by org.testng.reporters.JUnitReportReporter -->
<testsuite skipped="0" hostname="LAPTOP-FUSOQO8M" name="com.org.learningmaven.ReuseTest.BaseLogin" tests="5" failures="0" timestamp="17 Jun 2019 22:27:06 GMT" time="0.020" errors="0">
  <testcase name="pwd" time="0.001" classname="com.org.learningmaven.ReuseTest.BaseLogin"/>
  <testcase name="logoff" time="0.002" classname="com.org.learningmaven.ReuseTest.BaseLogin"/>
  <testcase name="url" time="0.001" classname="com.org.learningmaven.ReuseTest.BaseLogin"/>
  <testcase name="openbrowser" time="0.001" classname="com.org.learningmaven.ReuseTest.BaseLogin"/>
  <testcase name="login" time="0.015" classname="com.org.learningmaven.ReuseTest.BaseLogin"/>
</testsuite> <!-- com.org.learningmaven.ReuseTest.BaseLogin -->
